[2026-02-05 17:00:07] local.INFO: Detected N+1 Query  
[2026-02-05 17:00:07] local.INFO: Model: App\Models\Cattle
Relation: App\Models\CattleExpense
Num-Called: 2
Call-Stack:
#14 \vendor\laravel\framework\src\Illuminate\Support\Traits\ForwardsCalls.php:23
#15 \vendor\laravel\framework\src\Illuminate\Support\Traits\ForwardsCalls.php:52
#17 \app\Models\Cattle.php:63
#23 \app\Http\Controllers\Admin\BookingController.php:477
#24 \vendor\laravel\framework\src\Illuminate\Routing\Controller.php:54
#25 \vendor\laravel\framework\src\Illuminate\Routing\ControllerDispatcher.php:43
#26 \vendor\laravel\framework\src\Illuminate\Routing\Route.php:259
#27 \vendor\laravel\framework\src\Illuminate\Routing\Route.php:205
#28 \vendor\laravel\framework\src\Illuminate\Routing\Router.php:806
#29 \vendor\laravel\framework\src\Illuminate\Pipeline\Pipeline.php:144
#30 \app\Http\Middleware\RedirectIfNotAdmin.php:22
#31 \vendor\laravel\framework\src\Illuminate\Pipeline\Pipeline.php:183
#32 \vendor\barryvdh\laravel-debugbar\src\Middleware\InjectDebugbar.php:66
#33 \vendor\laravel\framework\src\Illuminate\Pipeline\Pipeline.php:183
#34 \app\Http\Middleware\LanguageMiddleware.php:22
#35 \vendor\laravel\framework\src\Illuminate\Pipeline\Pipeline.php:183
#36 \vendor\laravel\framework\src\Illuminate\Routing\Middleware\SubstituteBindings.php:50
#37 \vendor\laravel\framework\src\Illuminate\Pipeline\Pipeline.php:183
#38 \vendor\laravel\framework\src\Illuminate\Foundation\Http\Middleware\VerifyCsrfToken.php:78
#39 \vendor\laravel\framework\src\Illuminate\Pipeline\Pipeline.php:183
#40 \vendor\laravel\framework\src\Illuminate\View\Middleware\ShareErrorsFromSession.php:49
#41 \vendor\laravel\framework\src\Illuminate\Pipeline\Pipeline.php:183
#42 \vendor\laravel\framework\src\Illuminate\Session\Middleware\StartSession.php:121
#43 \vendor\laravel\framework\src\Illuminate\Session\Middleware\StartSession.php:64
#44 \vendor\laravel\framework\src\Illuminate\Pipeline\Pipeline.php:183
#45 \vendor\laravel\framework\src\Illuminate\Cookie\Middleware\AddQueuedCookiesToResponse.php:37
#46 \vendor\laravel\framework\src\Illuminate\Pipeline\Pipeline.php:183
#47 \vendor\laravel\framework\src\Illuminate\Cookie\Middleware\EncryptCookies.php:67
#48 \vendor\laravel\framework\src\Illuminate\Pipeline\Pipeline.php:183
#49 \vendor\laravel\framework\src\Illuminate\Pipeline\Pipeline.php:119
  
[2026-02-05 17:00:07] local.INFO: Detected N+1 Query  
[2026-02-05 17:00:07] local.INFO: Model: App\Models\Cattle
Relation: App\Models\CattleExpense
Num-Called: 2
Call-Stack:
#14 \vendor\laravel\framework\src\Illuminate\Support\Traits\ForwardsCalls.php:23
#15 \vendor\laravel\framework\src\Illuminate\Support\Traits\ForwardsCalls.php:52
#17 \app\Models\Cattle.php:63
#23 \app\Http\Controllers\Admin\BookingController.php:477
#24 \vendor\laravel\framework\src\Illuminate\Routing\Controller.php:54
#25 \vendor\laravel\framework\src\Illuminate\Routing\ControllerDispatcher.php:43
#26 \vendor\laravel\framework\src\Illuminate\Routing\Route.php:259
#27 \vendor\laravel\framework\src\Illuminate\Routing\Route.php:205
#28 \vendor\laravel\framework\src\Illuminate\Routing\Router.php:806
#29 \vendor\laravel\framework\src\Illuminate\Pipeline\Pipeline.php:144
#30 \app\Http\Middleware\RedirectIfNotAdmin.php:22
#31 \vendor\laravel\framework\src\Illuminate\Pipeline\Pipeline.php:183
#32 \vendor\barryvdh\laravel-debugbar\src\Middleware\InjectDebugbar.php:66
#33 \vendor\laravel\framework\src\Illuminate\Pipeline\Pipeline.php:183
#34 \app\Http\Middleware\LanguageMiddleware.php:22
#35 \vendor\laravel\framework\src\Illuminate\Pipeline\Pipeline.php:183
#36 \vendor\laravel\framework\src\Illuminate\Routing\Middleware\SubstituteBindings.php:50
#37 \vendor\laravel\framework\src\Illuminate\Pipeline\Pipeline.php:183
#38 \vendor\laravel\framework\src\Illuminate\Foundation\Http\Middleware\VerifyCsrfToken.php:78
#39 \vendor\laravel\framework\src\Illuminate\Pipeline\Pipeline.php:183
#40 \vendor\laravel\framework\src\Illuminate\View\Middleware\ShareErrorsFromSession.php:49
#41 \vendor\laravel\framework\src\Illuminate\Pipeline\Pipeline.php:183
#42 \vendor\laravel\framework\src\Illuminate\Session\Middleware\StartSession.php:121
#43 \vendor\laravel\framework\src\Illuminate\Session\Middleware\StartSession.php:64
#44 \vendor\laravel\framework\src\Illuminate\Pipeline\Pipeline.php:183
#45 \vendor\laravel\framework\src\Illuminate\Cookie\Middleware\AddQueuedCookiesToResponse.php:37
#46 \vendor\laravel\framework\src\Illuminate\Pipeline\Pipeline.php:183
#47 \vendor\laravel\framework\src\Illuminate\Cookie\Middleware\EncryptCookies.php:67
#48 \vendor\laravel\framework\src\Illuminate\Pipeline\Pipeline.php:183
#49 \vendor\laravel\framework\src\Illuminate\Pipeline\Pipeline.php:119
  
[2026-02-05 17:07:29] local.INFO: Detected N+1 Query  
[2026-02-05 17:07:29] local.INFO: Model: App\Models\Cattle
Relation: App\Models\CattleExpense
Num-Called: 2
Call-Stack:
#14 \vendor\laravel\framework\src\Illuminate\Support\Traits\ForwardsCalls.php:23
#15 \vendor\laravel\framework\src\Illuminate\Support\Traits\ForwardsCalls.php:52
#17 \app\Models\Cattle.php:63
#23 \app\Http\Controllers\Admin\BookingController.php:477
#24 \vendor\laravel\framework\src\Illuminate\Routing\Controller.php:54
#25 \vendor\laravel\framework\src\Illuminate\Routing\ControllerDispatcher.php:43
#26 \vendor\laravel\framework\src\Illuminate\Routing\Route.php:259
#27 \vendor\laravel\framework\src\Illuminate\Routing\Route.php:205
#28 \vendor\laravel\framework\src\Illuminate\Routing\Router.php:806
#29 \vendor\laravel\framework\src\Illuminate\Pipeline\Pipeline.php:144
#30 \app\Http\Middleware\RedirectIfNotAdmin.php:22
#31 \vendor\laravel\framework\src\Illuminate\Pipeline\Pipeline.php:183
#32 \vendor\barryvdh\laravel-debugbar\src\Middleware\InjectDebugbar.php:66
#33 \vendor\laravel\framework\src\Illuminate\Pipeline\Pipeline.php:183
#34 \app\Http\Middleware\LanguageMiddleware.php:22
#35 \vendor\laravel\framework\src\Illuminate\Pipeline\Pipeline.php:183
#36 \vendor\laravel\framework\src\Illuminate\Routing\Middleware\SubstituteBindings.php:50
#37 \vendor\laravel\framework\src\Illuminate\Pipeline\Pipeline.php:183
#38 \vendor\laravel\framework\src\Illuminate\Foundation\Http\Middleware\VerifyCsrfToken.php:78
#39 \vendor\laravel\framework\src\Illuminate\Pipeline\Pipeline.php:183
#40 \vendor\laravel\framework\src\Illuminate\View\Middleware\ShareErrorsFromSession.php:49
#41 \vendor\laravel\framework\src\Illuminate\Pipeline\Pipeline.php:183
#42 \vendor\laravel\framework\src\Illuminate\Session\Middleware\StartSession.php:121
#43 \vendor\laravel\framework\src\Illuminate\Session\Middleware\StartSession.php:64
#44 \vendor\laravel\framework\src\Illuminate\Pipeline\Pipeline.php:183
#45 \vendor\laravel\framework\src\Illuminate\Cookie\Middleware\AddQueuedCookiesToResponse.php:37
#46 \vendor\laravel\framework\src\Illuminate\Pipeline\Pipeline.php:183
#47 \vendor\laravel\framework\src\Illuminate\Cookie\Middleware\EncryptCookies.php:67
#48 \vendor\laravel\framework\src\Illuminate\Pipeline\Pipeline.php:183
#49 \vendor\laravel\framework\src\Illuminate\Pipeline\Pipeline.php:119
  
[2026-02-05 17:07:29] local.INFO: Detected N+1 Query  
[2026-02-05 17:07:29] local.INFO: Model: App\Models\Cattle
Relation: App\Models\CattleExpense
Num-Called: 2
Call-Stack:
#14 \vendor\laravel\framework\src\Illuminate\Support\Traits\ForwardsCalls.php:23
#15 \vendor\laravel\framework\src\Illuminate\Support\Traits\ForwardsCalls.php:52
#17 \app\Models\Cattle.php:63
#23 \app\Http\Controllers\Admin\BookingController.php:477
#24 \vendor\laravel\framework\src\Illuminate\Routing\Controller.php:54
#25 \vendor\laravel\framework\src\Illuminate\Routing\ControllerDispatcher.php:43
#26 \vendor\laravel\framework\src\Illuminate\Routing\Route.php:259
#27 \vendor\laravel\framework\src\Illuminate\Routing\Route.php:205
#28 \vendor\laravel\framework\src\Illuminate\Routing\Router.php:806
#29 \vendor\laravel\framework\src\Illuminate\Pipeline\Pipeline.php:144
#30 \app\Http\Middleware\RedirectIfNotAdmin.php:22
#31 \vendor\laravel\framework\src\Illuminate\Pipeline\Pipeline.php:183
#32 \vendor\barryvdh\laravel-debugbar\src\Middleware\InjectDebugbar.php:66
#33 \vendor\laravel\framework\src\Illuminate\Pipeline\Pipeline.php:183
#34 \app\Http\Middleware\LanguageMiddleware.php:22
#35 \vendor\laravel\framework\src\Illuminate\Pipeline\Pipeline.php:183
#36 \vendor\laravel\framework\src\Illuminate\Routing\Middleware\SubstituteBindings.php:50
#37 \vendor\laravel\framework\src\Illuminate\Pipeline\Pipeline.php:183
#38 \vendor\laravel\framework\src\Illuminate\Foundation\Http\Middleware\VerifyCsrfToken.php:78
#39 \vendor\laravel\framework\src\Illuminate\Pipeline\Pipeline.php:183
#40 \vendor\laravel\framework\src\Illuminate\View\Middleware\ShareErrorsFromSession.php:49
#41 \vendor\laravel\framework\src\Illuminate\Pipeline\Pipeline.php:183
#42 \vendor\laravel\framework\src\Illuminate\Session\Middleware\StartSession.php:121
#43 \vendor\laravel\framework\src\Illuminate\Session\Middleware\StartSession.php:64
#44 \vendor\laravel\framework\src\Illuminate\Pipeline\Pipeline.php:183
#45 \vendor\laravel\framework\src\Illuminate\Cookie\Middleware\AddQueuedCookiesToResponse.php:37
#46 \vendor\laravel\framework\src\Illuminate\Pipeline\Pipeline.php:183
#47 \vendor\laravel\framework\src\Illuminate\Cookie\Middleware\EncryptCookies.php:67
#48 \vendor\laravel\framework\src\Illuminate\Pipeline\Pipeline.php:183
#49 \vendor\laravel\framework\src\Illuminate\Pipeline\Pipeline.php:119
  
[2026-02-05 17:07:44] local.INFO: Detected N+1 Query  
[2026-02-05 17:07:44] local.INFO: Model: App\Models\Cattle
Relation: App\Models\CattleExpense
Num-Called: 2
Call-Stack:
#14 \vendor\laravel\framework\src\Illuminate\Support\Traits\ForwardsCalls.php:23
#15 \vendor\laravel\framework\src\Illuminate\Support\Traits\ForwardsCalls.php:52
#17 \app\Models\Cattle.php:63
#23 \app\Http\Controllers\Admin\BookingController.php:477
#24 \vendor\laravel\framework\src\Illuminate\Routing\Controller.php:54
#25 \vendor\laravel\framework\src\Illuminate\Routing\ControllerDispatcher.php:43
#26 \vendor\laravel\framework\src\Illuminate\Routing\Route.php:259
#27 \vendor\laravel\framework\src\Illuminate\Routing\Route.php:205
#28 \vendor\laravel\framework\src\Illuminate\Routing\Router.php:806
#29 \vendor\laravel\framework\src\Illuminate\Pipeline\Pipeline.php:144
#30 \app\Http\Middleware\RedirectIfNotAdmin.php:22
#31 \vendor\laravel\framework\src\Illuminate\Pipeline\Pipeline.php:183
#32 \vendor\barryvdh\laravel-debugbar\src\Middleware\InjectDebugbar.php:66
#33 \vendor\laravel\framework\src\Illuminate\Pipeline\Pipeline.php:183
#34 \app\Http\Middleware\LanguageMiddleware.php:22
#35 \vendor\laravel\framework\src\Illuminate\Pipeline\Pipeline.php:183
#36 \vendor\laravel\framework\src\Illuminate\Routing\Middleware\SubstituteBindings.php:50
#37 \vendor\laravel\framework\src\Illuminate\Pipeline\Pipeline.php:183
#38 \vendor\laravel\framework\src\Illuminate\Foundation\Http\Middleware\VerifyCsrfToken.php:78
#39 \vendor\laravel\framework\src\Illuminate\Pipeline\Pipeline.php:183
#40 \vendor\laravel\framework\src\Illuminate\View\Middleware\ShareErrorsFromSession.php:49
#41 \vendor\laravel\framework\src\Illuminate\Pipeline\Pipeline.php:183
#42 \vendor\laravel\framework\src\Illuminate\Session\Middleware\StartSession.php:121
#43 \vendor\laravel\framework\src\Illuminate\Session\Middleware\StartSession.php:64
#44 \vendor\laravel\framework\src\Illuminate\Pipeline\Pipeline.php:183
#45 \vendor\laravel\framework\src\Illuminate\Cookie\Middleware\AddQueuedCookiesToResponse.php:37
#46 \vendor\laravel\framework\src\Illuminate\Pipeline\Pipeline.php:183
#47 \vendor\laravel\framework\src\Illuminate\Cookie\Middleware\EncryptCookies.php:67
#48 \vendor\laravel\framework\src\Illuminate\Pipeline\Pipeline.php:183
#49 \vendor\laravel\framework\src\Illuminate\Pipeline\Pipeline.php:119
  
[2026-02-05 17:07:44] local.INFO: Detected N+1 Query  
[2026-02-05 17:07:44] local.INFO: Model: App\Models\Cattle
Relation: App\Models\CattleExpense
Num-Called: 2
Call-Stack:
#14 \vendor\laravel\framework\src\Illuminate\Support\Traits\ForwardsCalls.php:23
#15 \vendor\laravel\framework\src\Illuminate\Support\Traits\ForwardsCalls.php:52
#17 \app\Models\Cattle.php:63
#23 \app\Http\Controllers\Admin\BookingController.php:477
#24 \vendor\laravel\framework\src\Illuminate\Routing\Controller.php:54
#25 \vendor\laravel\framework\src\Illuminate\Routing\ControllerDispatcher.php:43
#26 \vendor\laravel\framework\src\Illuminate\Routing\Route.php:259
#27 \vendor\laravel\framework\src\Illuminate\Routing\Route.php:205
#28 \vendor\laravel\framework\src\Illuminate\Routing\Router.php:806
#29 \vendor\laravel\framework\src\Illuminate\Pipeline\Pipeline.php:144
#30 \app\Http\Middleware\RedirectIfNotAdmin.php:22
#31 \vendor\laravel\framework\src\Illuminate\Pipeline\Pipeline.php:183
#32 \vendor\barryvdh\laravel-debugbar\src\Middleware\InjectDebugbar.php:66
#33 \vendor\laravel\framework\src\Illuminate\Pipeline\Pipeline.php:183
#34 \app\Http\Middleware\LanguageMiddleware.php:22
#35 \vendor\laravel\framework\src\Illuminate\Pipeline\Pipeline.php:183
#36 \vendor\laravel\framework\src\Illuminate\Routing\Middleware\SubstituteBindings.php:50
#37 \vendor\laravel\framework\src\Illuminate\Pipeline\Pipeline.php:183
#38 \vendor\laravel\framework\src\Illuminate\Foundation\Http\Middleware\VerifyCsrfToken.php:78
#39 \vendor\laravel\framework\src\Illuminate\Pipeline\Pipeline.php:183
#40 \vendor\laravel\framework\src\Illuminate\View\Middleware\ShareErrorsFromSession.php:49
#41 \vendor\laravel\framework\src\Illuminate\Pipeline\Pipeline.php:183
#42 \vendor\laravel\framework\src\Illuminate\Session\Middleware\StartSession.php:121
#43 \vendor\laravel\framework\src\Illuminate\Session\Middleware\StartSession.php:64
#44 \vendor\laravel\framework\src\Illuminate\Pipeline\Pipeline.php:183
#45 \vendor\laravel\framework\src\Illuminate\Cookie\Middleware\AddQueuedCookiesToResponse.php:37
#46 \vendor\laravel\framework\src\Illuminate\Pipeline\Pipeline.php:183
#47 \vendor\laravel\framework\src\Illuminate\Cookie\Middleware\EncryptCookies.php:67
#48 \vendor\laravel\framework\src\Illuminate\Pipeline\Pipeline.php:183
#49 \vendor\laravel\framework\src\Illuminate\Pipeline\Pipeline.php:119
  
[2026-02-05 22:05:02] local.INFO: Detected N+1 Query  
[2026-02-05 22:05:02] local.INFO: Model: App\Models\Cattle
Relation: App\Models\CattleExpense
Num-Called: 2
Call-Stack:
#14 \vendor\laravel\framework\src\Illuminate\Support\Traits\ForwardsCalls.php:23
#15 \vendor\laravel\framework\src\Illuminate\Support\Traits\ForwardsCalls.php:52
#17 \app\Models\Cattle.php:63
#23 \app\Http\Controllers\Admin\BookingController.php:482
#24 \vendor\laravel\framework\src\Illuminate\Routing\Controller.php:54
#25 \vendor\laravel\framework\src\Illuminate\Routing\ControllerDispatcher.php:43
#26 \vendor\laravel\framework\src\Illuminate\Routing\Route.php:259
#27 \vendor\laravel\framework\src\Illuminate\Routing\Route.php:205
#28 \vendor\laravel\framework\src\Illuminate\Routing\Router.php:806
#29 \vendor\laravel\framework\src\Illuminate\Pipeline\Pipeline.php:144
#30 \app\Http\Middleware\RedirectIfNotAdmin.php:22
#31 \vendor\laravel\framework\src\Illuminate\Pipeline\Pipeline.php:183
#32 \vendor\barryvdh\laravel-debugbar\src\Middleware\InjectDebugbar.php:66
#33 \vendor\laravel\framework\src\Illuminate\Pipeline\Pipeline.php:183
#34 \app\Http\Middleware\LanguageMiddleware.php:22
#35 \vendor\laravel\framework\src\Illuminate\Pipeline\Pipeline.php:183
#36 \vendor\laravel\framework\src\Illuminate\Routing\Middleware\SubstituteBindings.php:50
#37 \vendor\laravel\framework\src\Illuminate\Pipeline\Pipeline.php:183
#38 \vendor\laravel\framework\src\Illuminate\Foundation\Http\Middleware\VerifyCsrfToken.php:78
#39 \vendor\laravel\framework\src\Illuminate\Pipeline\Pipeline.php:183
#40 \vendor\laravel\framework\src\Illuminate\View\Middleware\ShareErrorsFromSession.php:49
#41 \vendor\laravel\framework\src\Illuminate\Pipeline\Pipeline.php:183
#42 \vendor\laravel\framework\src\Illuminate\Session\Middleware\StartSession.php:121
#43 \vendor\laravel\framework\src\Illuminate\Session\Middleware\StartSession.php:64
#44 \vendor\laravel\framework\src\Illuminate\Pipeline\Pipeline.php:183
#45 \vendor\laravel\framework\src\Illuminate\Cookie\Middleware\AddQueuedCookiesToResponse.php:37
#46 \vendor\laravel\framework\src\Illuminate\Pipeline\Pipeline.php:183
#47 \vendor\laravel\framework\src\Illuminate\Cookie\Middleware\EncryptCookies.php:67
#48 \vendor\laravel\framework\src\Illuminate\Pipeline\Pipeline.php:183
#49 \vendor\laravel\framework\src\Illuminate\Pipeline\Pipeline.php:119
  
[2026-02-05 22:05:03] local.INFO: Detected N+1 Query  
[2026-02-05 22:05:03] local.INFO: Model: App\Models\Cattle
Relation: App\Models\CattleExpense
Num-Called: 2
Call-Stack:
#14 \vendor\laravel\framework\src\Illuminate\Support\Traits\ForwardsCalls.php:23
#15 \vendor\laravel\framework\src\Illuminate\Support\Traits\ForwardsCalls.php:52
#17 \app\Models\Cattle.php:63
#23 \app\Http\Controllers\Admin\BookingController.php:482
#24 \vendor\laravel\framework\src\Illuminate\Routing\Controller.php:54
#25 \vendor\laravel\framework\src\Illuminate\Routing\ControllerDispatcher.php:43
#26 \vendor\laravel\framework\src\Illuminate\Routing\Route.php:259
#27 \vendor\laravel\framework\src\Illuminate\Routing\Route.php:205
#28 \vendor\laravel\framework\src\Illuminate\Routing\Router.php:806
#29 \vendor\laravel\framework\src\Illuminate\Pipeline\Pipeline.php:144
#30 \app\Http\Middleware\RedirectIfNotAdmin.php:22
#31 \vendor\laravel\framework\src\Illuminate\Pipeline\Pipeline.php:183
#32 \vendor\barryvdh\laravel-debugbar\src\Middleware\InjectDebugbar.php:66
#33 \vendor\laravel\framework\src\Illuminate\Pipeline\Pipeline.php:183
#34 \app\Http\Middleware\LanguageMiddleware.php:22
#35 \vendor\laravel\framework\src\Illuminate\Pipeline\Pipeline.php:183
#36 \vendor\laravel\framework\src\Illuminate\Routing\Middleware\SubstituteBindings.php:50
#37 \vendor\laravel\framework\src\Illuminate\Pipeline\Pipeline.php:183
#38 \vendor\laravel\framework\src\Illuminate\Foundation\Http\Middleware\VerifyCsrfToken.php:78
#39 \vendor\laravel\framework\src\Illuminate\Pipeline\Pipeline.php:183
#40 \vendor\laravel\framework\src\Illuminate\View\Middleware\ShareErrorsFromSession.php:49
#41 \vendor\laravel\framework\src\Illuminate\Pipeline\Pipeline.php:183
#42 \vendor\laravel\framework\src\Illuminate\Session\Middleware\StartSession.php:121
#43 \vendor\laravel\framework\src\Illuminate\Session\Middleware\StartSession.php:64
#44 \vendor\laravel\framework\src\Illuminate\Pipeline\Pipeline.php:183
#45 \vendor\laravel\framework\src\Illuminate\Cookie\Middleware\AddQueuedCookiesToResponse.php:37
#46 \vendor\laravel\framework\src\Illuminate\Pipeline\Pipeline.php:183
#47 \vendor\laravel\framework\src\Illuminate\Cookie\Middleware\EncryptCookies.php:67
#48 \vendor\laravel\framework\src\Illuminate\Pipeline\Pipeline.php:183
#49 \vendor\laravel\framework\src\Illuminate\Pipeline\Pipeline.php:119
  
[2026-02-05 22:07:04] local.INFO: Detected N+1 Query  
[2026-02-05 22:07:04] local.INFO: Model: App\Models\Cattle
Relation: App\Models\CattleExpense
Num-Called: 2
Call-Stack:
#14 \vendor\laravel\framework\src\Illuminate\Support\Traits\ForwardsCalls.php:23
#15 \vendor\laravel\framework\src\Illuminate\Support\Traits\ForwardsCalls.php:52
#17 \app\Models\Cattle.php:63
#23 \app\Http\Controllers\Admin\BookingController.php:482
#24 \vendor\laravel\framework\src\Illuminate\Routing\Controller.php:54
#25 \vendor\laravel\framework\src\Illuminate\Routing\ControllerDispatcher.php:43
#26 \vendor\laravel\framework\src\Illuminate\Routing\Route.php:259
#27 \vendor\laravel\framework\src\Illuminate\Routing\Route.php:205
#28 \vendor\laravel\framework\src\Illuminate\Routing\Router.php:806
#29 \vendor\laravel\framework\src\Illuminate\Pipeline\Pipeline.php:144
#30 \app\Http\Middleware\RedirectIfNotAdmin.php:22
#31 \vendor\laravel\framework\src\Illuminate\Pipeline\Pipeline.php:183
#32 \vendor\barryvdh\laravel-debugbar\src\Middleware\InjectDebugbar.php:66
#33 \vendor\laravel\framework\src\Illuminate\Pipeline\Pipeline.php:183
#34 \app\Http\Middleware\LanguageMiddleware.php:22
#35 \vendor\laravel\framework\src\Illuminate\Pipeline\Pipeline.php:183
#36 \vendor\laravel\framework\src\Illuminate\Routing\Middleware\SubstituteBindings.php:50
#37 \vendor\laravel\framework\src\Illuminate\Pipeline\Pipeline.php:183
#38 \vendor\laravel\framework\src\Illuminate\Foundation\Http\Middleware\VerifyCsrfToken.php:78
#39 \vendor\laravel\framework\src\Illuminate\Pipeline\Pipeline.php:183
#40 \vendor\laravel\framework\src\Illuminate\View\Middleware\ShareErrorsFromSession.php:49
#41 \vendor\laravel\framework\src\Illuminate\Pipeline\Pipeline.php:183
#42 \vendor\laravel\framework\src\Illuminate\Session\Middleware\StartSession.php:121
#43 \vendor\laravel\framework\src\Illuminate\Session\Middleware\StartSession.php:64
#44 \vendor\laravel\framework\src\Illuminate\Pipeline\Pipeline.php:183
#45 \vendor\laravel\framework\src\Illuminate\Cookie\Middleware\AddQueuedCookiesToResponse.php:37
#46 \vendor\laravel\framework\src\Illuminate\Pipeline\Pipeline.php:183
#47 \vendor\laravel\framework\src\Illuminate\Cookie\Middleware\EncryptCookies.php:67
#48 \vendor\laravel\framework\src\Illuminate\Pipeline\Pipeline.php:183
#49 \vendor\laravel\framework\src\Illuminate\Pipeline\Pipeline.php:119
  
[2026-02-05 22:07:12] local.INFO: Detected N+1 Query  
[2026-02-05 22:07:12] local.INFO: Model: App\Models\Cattle
Relation: App\Models\CattleExpense
Num-Called: 2
Call-Stack:
#14 \vendor\laravel\framework\src\Illuminate\Support\Traits\ForwardsCalls.php:23
#15 \vendor\laravel\framework\src\Illuminate\Support\Traits\ForwardsCalls.php:52
#17 \app\Models\Cattle.php:63
#23 \app\Http\Controllers\Admin\BookingController.php:482
#24 \vendor\laravel\framework\src\Illuminate\Routing\Controller.php:54
#25 \vendor\laravel\framework\src\Illuminate\Routing\ControllerDispatcher.php:43
#26 \vendor\laravel\framework\src\Illuminate\Routing\Route.php:259
#27 \vendor\laravel\framework\src\Illuminate\Routing\Route.php:205
#28 \vendor\laravel\framework\src\Illuminate\Routing\Router.php:806
#29 \vendor\laravel\framework\src\Illuminate\Pipeline\Pipeline.php:144
#30 \app\Http\Middleware\RedirectIfNotAdmin.php:22
#31 \vendor\laravel\framework\src\Illuminate\Pipeline\Pipeline.php:183
#32 \vendor\barryvdh\laravel-debugbar\src\Middleware\InjectDebugbar.php:66
#33 \vendor\laravel\framework\src\Illuminate\Pipeline\Pipeline.php:183
#34 \app\Http\Middleware\LanguageMiddleware.php:22
#35 \vendor\laravel\framework\src\Illuminate\Pipeline\Pipeline.php:183
#36 \vendor\laravel\framework\src\Illuminate\Routing\Middleware\SubstituteBindings.php:50
#37 \vendor\laravel\framework\src\Illuminate\Pipeline\Pipeline.php:183
#38 \vendor\laravel\framework\src\Illuminate\Foundation\Http\Middleware\VerifyCsrfToken.php:78
#39 \vendor\laravel\framework\src\Illuminate\Pipeline\Pipeline.php:183
#40 \vendor\laravel\framework\src\Illuminate\View\Middleware\ShareErrorsFromSession.php:49
#41 \vendor\laravel\framework\src\Illuminate\Pipeline\Pipeline.php:183
#42 \vendor\laravel\framework\src\Illuminate\Session\Middleware\StartSession.php:121
#43 \vendor\laravel\framework\src\Illuminate\Session\Middleware\StartSession.php:64
#44 \vendor\laravel\framework\src\Illuminate\Pipeline\Pipeline.php:183
#45 \vendor\laravel\framework\src\Illuminate\Cookie\Middleware\AddQueuedCookiesToResponse.php:37
#46 \vendor\laravel\framework\src\Illuminate\Pipeline\Pipeline.php:183
#47 \vendor\laravel\framework\src\Illuminate\Cookie\Middleware\EncryptCookies.php:67
#48 \vendor\laravel\framework\src\Illuminate\Pipeline\Pipeline.php:183
#49 \vendor\laravel\framework\src\Illuminate\Pipeline\Pipeline.php:119
  
[2026-02-05 22:07:49] local.INFO: Detected N+1 Query  
[2026-02-05 22:07:49] local.INFO: Model: App\Models\Cattle
Relation: App\Models\CattleExpense
Num-Called: 2
Call-Stack:
#14 \vendor\laravel\framework\src\Illuminate\Support\Traits\ForwardsCalls.php:23
#15 \vendor\laravel\framework\src\Illuminate\Support\Traits\ForwardsCalls.php:52
#17 \app\Models\Cattle.php:63
#23 \app\Http\Controllers\Admin\BookingController.php:482
#24 \vendor\laravel\framework\src\Illuminate\Routing\Controller.php:54
#25 \vendor\laravel\framework\src\Illuminate\Routing\ControllerDispatcher.php:43
#26 \vendor\laravel\framework\src\Illuminate\Routing\Route.php:259
#27 \vendor\laravel\framework\src\Illuminate\Routing\Route.php:205
#28 \vendor\laravel\framework\src\Illuminate\Routing\Router.php:806
#29 \vendor\laravel\framework\src\Illuminate\Pipeline\Pipeline.php:144
#30 \app\Http\Middleware\RedirectIfNotAdmin.php:22
#31 \vendor\laravel\framework\src\Illuminate\Pipeline\Pipeline.php:183
#32 \vendor\barryvdh\laravel-debugbar\src\Middleware\InjectDebugbar.php:66
#33 \vendor\laravel\framework\src\Illuminate\Pipeline\Pipeline.php:183
#34 \app\Http\Middleware\LanguageMiddleware.php:22
#35 \vendor\laravel\framework\src\Illuminate\Pipeline\Pipeline.php:183
#36 \vendor\laravel\framework\src\Illuminate\Routing\Middleware\SubstituteBindings.php:50
#37 \vendor\laravel\framework\src\Illuminate\Pipeline\Pipeline.php:183
#38 \vendor\laravel\framework\src\Illuminate\Foundation\Http\Middleware\VerifyCsrfToken.php:78
#39 \vendor\laravel\framework\src\Illuminate\Pipeline\Pipeline.php:183
#40 \vendor\laravel\framework\src\Illuminate\View\Middleware\ShareErrorsFromSession.php:49
#41 \vendor\laravel\framework\src\Illuminate\Pipeline\Pipeline.php:183
#42 \vendor\laravel\framework\src\Illuminate\Session\Middleware\StartSession.php:121
#43 \vendor\laravel\framework\src\Illuminate\Session\Middleware\StartSession.php:64
#44 \vendor\laravel\framework\src\Illuminate\Pipeline\Pipeline.php:183
#45 \vendor\laravel\framework\src\Illuminate\Cookie\Middleware\AddQueuedCookiesToResponse.php:37
#46 \vendor\laravel\framework\src\Illuminate\Pipeline\Pipeline.php:183
#47 \vendor\laravel\framework\src\Illuminate\Cookie\Middleware\EncryptCookies.php:67
#48 \vendor\laravel\framework\src\Illuminate\Pipeline\Pipeline.php:183
#49 \vendor\laravel\framework\src\Illuminate\Pipeline\Pipeline.php:119
  
[2026-02-05 22:07:59] local.INFO: Detected N+1 Query  
[2026-02-05 22:07:59] local.INFO: Model: App\Models\Cattle
Relation: App\Models\CattleExpense
Num-Called: 2
Call-Stack:
#14 \vendor\laravel\framework\src\Illuminate\Support\Traits\ForwardsCalls.php:23
#15 \vendor\laravel\framework\src\Illuminate\Support\Traits\ForwardsCalls.php:52
#17 \app\Models\Cattle.php:63
#23 \app\Http\Controllers\Admin\BookingController.php:482
#24 \vendor\laravel\framework\src\Illuminate\Routing\Controller.php:54
#25 \vendor\laravel\framework\src\Illuminate\Routing\ControllerDispatcher.php:43
#26 \vendor\laravel\framework\src\Illuminate\Routing\Route.php:259
#27 \vendor\laravel\framework\src\Illuminate\Routing\Route.php:205
#28 \vendor\laravel\framework\src\Illuminate\Routing\Router.php:806
#29 \vendor\laravel\framework\src\Illuminate\Pipeline\Pipeline.php:144
#30 \app\Http\Middleware\RedirectIfNotAdmin.php:22
#31 \vendor\laravel\framework\src\Illuminate\Pipeline\Pipeline.php:183
#32 \vendor\barryvdh\laravel-debugbar\src\Middleware\InjectDebugbar.php:66
#33 \vendor\laravel\framework\src\Illuminate\Pipeline\Pipeline.php:183
#34 \app\Http\Middleware\LanguageMiddleware.php:22
#35 \vendor\laravel\framework\src\Illuminate\Pipeline\Pipeline.php:183
#36 \vendor\laravel\framework\src\Illuminate\Routing\Middleware\SubstituteBindings.php:50
#37 \vendor\laravel\framework\src\Illuminate\Pipeline\Pipeline.php:183
#38 \vendor\laravel\framework\src\Illuminate\Foundation\Http\Middleware\VerifyCsrfToken.php:78
#39 \vendor\laravel\framework\src\Illuminate\Pipeline\Pipeline.php:183
#40 \vendor\laravel\framework\src\Illuminate\View\Middleware\ShareErrorsFromSession.php:49
#41 \vendor\laravel\framework\src\Illuminate\Pipeline\Pipeline.php:183
#42 \vendor\laravel\framework\src\Illuminate\Session\Middleware\StartSession.php:121
#43 \vendor\laravel\framework\src\Illuminate\Session\Middleware\StartSession.php:64
#44 \vendor\laravel\framework\src\Illuminate\Pipeline\Pipeline.php:183
#45 \vendor\laravel\framework\src\Illuminate\Cookie\Middleware\AddQueuedCookiesToResponse.php:37
#46 \vendor\laravel\framework\src\Illuminate\Pipeline\Pipeline.php:183
#47 \vendor\laravel\framework\src\Illuminate\Cookie\Middleware\EncryptCookies.php:67
#48 \vendor\laravel\framework\src\Illuminate\Pipeline\Pipeline.php:183
#49 \vendor\laravel\framework\src\Illuminate\Pipeline\Pipeline.php:119
  
[2026-02-05 22:08:08] local.INFO: Detected N+1 Query  
[2026-02-05 22:08:08] local.INFO: Model: App\Models\Cattle
Relation: App\Models\CattleExpense
Num-Called: 2
Call-Stack:
#14 \vendor\laravel\framework\src\Illuminate\Support\Traits\ForwardsCalls.php:23
#15 \vendor\laravel\framework\src\Illuminate\Support\Traits\ForwardsCalls.php:52
#17 \app\Models\Cattle.php:63
#23 \app\Http\Controllers\Admin\BookingController.php:482
#24 \vendor\laravel\framework\src\Illuminate\Routing\Controller.php:54
#25 \vendor\laravel\framework\src\Illuminate\Routing\ControllerDispatcher.php:43
#26 \vendor\laravel\framework\src\Illuminate\Routing\Route.php:259
#27 \vendor\laravel\framework\src\Illuminate\Routing\Route.php:205
#28 \vendor\laravel\framework\src\Illuminate\Routing\Router.php:806
#29 \vendor\laravel\framework\src\Illuminate\Pipeline\Pipeline.php:144
#30 \app\Http\Middleware\RedirectIfNotAdmin.php:22
#31 \vendor\laravel\framework\src\Illuminate\Pipeline\Pipeline.php:183
#32 \vendor\barryvdh\laravel-debugbar\src\Middleware\InjectDebugbar.php:66
#33 \vendor\laravel\framework\src\Illuminate\Pipeline\Pipeline.php:183
#34 \app\Http\Middleware\LanguageMiddleware.php:22
#35 \vendor\laravel\framework\src\Illuminate\Pipeline\Pipeline.php:183
#36 \vendor\laravel\framework\src\Illuminate\Routing\Middleware\SubstituteBindings.php:50
#37 \vendor\laravel\framework\src\Illuminate\Pipeline\Pipeline.php:183
#38 \vendor\laravel\framework\src\Illuminate\Foundation\Http\Middleware\VerifyCsrfToken.php:78
#39 \vendor\laravel\framework\src\Illuminate\Pipeline\Pipeline.php:183
#40 \vendor\laravel\framework\src\Illuminate\View\Middleware\ShareErrorsFromSession.php:49
#41 \vendor\laravel\framework\src\Illuminate\Pipeline\Pipeline.php:183
#42 \vendor\laravel\framework\src\Illuminate\Session\Middleware\StartSession.php:121
#43 \vendor\laravel\framework\src\Illuminate\Session\Middleware\StartSession.php:64
#44 \vendor\laravel\framework\src\Illuminate\Pipeline\Pipeline.php:183
#45 \vendor\laravel\framework\src\Illuminate\Cookie\Middleware\AddQueuedCookiesToResponse.php:37
#46 \vendor\laravel\framework\src\Illuminate\Pipeline\Pipeline.php:183
#47 \vendor\laravel\framework\src\Illuminate\Cookie\Middleware\EncryptCookies.php:67
#48 \vendor\laravel\framework\src\Illuminate\Pipeline\Pipeline.php:183
#49 \vendor\laravel\framework\src\Illuminate\Pipeline\Pipeline.php:119
  
[2026-02-05 22:08:28] local.INFO: Detected N+1 Query  
[2026-02-05 22:08:28] local.INFO: Model: App\Models\Cattle
Relation: App\Models\CattleExpense
Num-Called: 2
Call-Stack:
#14 \vendor\laravel\framework\src\Illuminate\Support\Traits\ForwardsCalls.php:23
#15 \vendor\laravel\framework\src\Illuminate\Support\Traits\ForwardsCalls.php:52
#17 \app\Models\Cattle.php:63
#23 \app\Http\Controllers\Admin\BookingController.php:482
#24 \vendor\laravel\framework\src\Illuminate\Routing\Controller.php:54
#25 \vendor\laravel\framework\src\Illuminate\Routing\ControllerDispatcher.php:43
#26 \vendor\laravel\framework\src\Illuminate\Routing\Route.php:259
#27 \vendor\laravel\framework\src\Illuminate\Routing\Route.php:205
#28 \vendor\laravel\framework\src\Illuminate\Routing\Router.php:806
#29 \vendor\laravel\framework\src\Illuminate\Pipeline\Pipeline.php:144
#30 \app\Http\Middleware\RedirectIfNotAdmin.php:22
#31 \vendor\laravel\framework\src\Illuminate\Pipeline\Pipeline.php:183
#32 \vendor\barryvdh\laravel-debugbar\src\Middleware\InjectDebugbar.php:66
#33 \vendor\laravel\framework\src\Illuminate\Pipeline\Pipeline.php:183
#34 \app\Http\Middleware\LanguageMiddleware.php:22
#35 \vendor\laravel\framework\src\Illuminate\Pipeline\Pipeline.php:183
#36 \vendor\laravel\framework\src\Illuminate\Routing\Middleware\SubstituteBindings.php:50
#37 \vendor\laravel\framework\src\Illuminate\Pipeline\Pipeline.php:183
#38 \vendor\laravel\framework\src\Illuminate\Foundation\Http\Middleware\VerifyCsrfToken.php:78
#39 \vendor\laravel\framework\src\Illuminate\Pipeline\Pipeline.php:183
#40 \vendor\laravel\framework\src\Illuminate\View\Middleware\ShareErrorsFromSession.php:49
#41 \vendor\laravel\framework\src\Illuminate\Pipeline\Pipeline.php:183
#42 \vendor\laravel\framework\src\Illuminate\Session\Middleware\StartSession.php:121
#43 \vendor\laravel\framework\src\Illuminate\Session\Middleware\StartSession.php:64
#44 \vendor\laravel\framework\src\Illuminate\Pipeline\Pipeline.php:183
#45 \vendor\laravel\framework\src\Illuminate\Cookie\Middleware\AddQueuedCookiesToResponse.php:37
#46 \vendor\laravel\framework\src\Illuminate\Pipeline\Pipeline.php:183
#47 \vendor\laravel\framework\src\Illuminate\Cookie\Middleware\EncryptCookies.php:67
#48 \vendor\laravel\framework\src\Illuminate\Pipeline\Pipeline.php:183
#49 \vendor\laravel\framework\src\Illuminate\Pipeline\Pipeline.php:119
  
[2026-02-05 22:08:38] local.INFO: Detected N+1 Query  
[2026-02-05 22:08:38] local.INFO: Model: App\Models\Cattle
Relation: App\Models\CattleExpense
Num-Called: 2
Call-Stack:
#14 \vendor\laravel\framework\src\Illuminate\Support\Traits\ForwardsCalls.php:23
#15 \vendor\laravel\framework\src\Illuminate\Support\Traits\ForwardsCalls.php:52
#17 \app\Models\Cattle.php:63
#23 \app\Http\Controllers\Admin\BookingController.php:482
#24 \vendor\laravel\framework\src\Illuminate\Routing\Controller.php:54
#25 \vendor\laravel\framework\src\Illuminate\Routing\ControllerDispatcher.php:43
#26 \vendor\laravel\framework\src\Illuminate\Routing\Route.php:259
#27 \vendor\laravel\framework\src\Illuminate\Routing\Route.php:205
#28 \vendor\laravel\framework\src\Illuminate\Routing\Router.php:806
#29 \vendor\laravel\framework\src\Illuminate\Pipeline\Pipeline.php:144
#30 \app\Http\Middleware\RedirectIfNotAdmin.php:22
#31 \vendor\laravel\framework\src\Illuminate\Pipeline\Pipeline.php:183
#32 \vendor\barryvdh\laravel-debugbar\src\Middleware\InjectDebugbar.php:66
#33 \vendor\laravel\framework\src\Illuminate\Pipeline\Pipeline.php:183
#34 \app\Http\Middleware\LanguageMiddleware.php:22
#35 \vendor\laravel\framework\src\Illuminate\Pipeline\Pipeline.php:183
#36 \vendor\laravel\framework\src\Illuminate\Routing\Middleware\SubstituteBindings.php:50
#37 \vendor\laravel\framework\src\Illuminate\Pipeline\Pipeline.php:183
#38 \vendor\laravel\framework\src\Illuminate\Foundation\Http\Middleware\VerifyCsrfToken.php:78
#39 \vendor\laravel\framework\src\Illuminate\Pipeline\Pipeline.php:183
#40 \vendor\laravel\framework\src\Illuminate\View\Middleware\ShareErrorsFromSession.php:49
#41 \vendor\laravel\framework\src\Illuminate\Pipeline\Pipeline.php:183
#42 \vendor\laravel\framework\src\Illuminate\Session\Middleware\StartSession.php:121
#43 \vendor\laravel\framework\src\Illuminate\Session\Middleware\StartSession.php:64
#44 \vendor\laravel\framework\src\Illuminate\Pipeline\Pipeline.php:183
#45 \vendor\laravel\framework\src\Illuminate\Cookie\Middleware\AddQueuedCookiesToResponse.php:37
#46 \vendor\laravel\framework\src\Illuminate\Pipeline\Pipeline.php:183
#47 \vendor\laravel\framework\src\Illuminate\Cookie\Middleware\EncryptCookies.php:67
#48 \vendor\laravel\framework\src\Illuminate\Pipeline\Pipeline.php:183
#49 \vendor\laravel\framework\src\Illuminate\Pipeline\Pipeline.php:119
  
[2026-02-05 22:08:54] local.INFO: Detected N+1 Query  
[2026-02-05 22:08:54] local.INFO: Model: App\Models\Cattle
Relation: App\Models\CattleExpense
Num-Called: 2
Call-Stack:
#14 \vendor\laravel\framework\src\Illuminate\Support\Traits\ForwardsCalls.php:23
#15 \vendor\laravel\framework\src\Illuminate\Support\Traits\ForwardsCalls.php:52
#17 \app\Models\Cattle.php:63
#23 \app\Http\Controllers\Admin\BookingController.php:482
#24 \vendor\laravel\framework\src\Illuminate\Routing\Controller.php:54
#25 \vendor\laravel\framework\src\Illuminate\Routing\ControllerDispatcher.php:43
#26 \vendor\laravel\framework\src\Illuminate\Routing\Route.php:259
#27 \vendor\laravel\framework\src\Illuminate\Routing\Route.php:205
#28 \vendor\laravel\framework\src\Illuminate\Routing\Router.php:806
#29 \vendor\laravel\framework\src\Illuminate\Pipeline\Pipeline.php:144
#30 \app\Http\Middleware\RedirectIfNotAdmin.php:22
#31 \vendor\laravel\framework\src\Illuminate\Pipeline\Pipeline.php:183
#32 \vendor\barryvdh\laravel-debugbar\src\Middleware\InjectDebugbar.php:66
#33 \vendor\laravel\framework\src\Illuminate\Pipeline\Pipeline.php:183
#34 \app\Http\Middleware\LanguageMiddleware.php:22
#35 \vendor\laravel\framework\src\Illuminate\Pipeline\Pipeline.php:183
#36 \vendor\laravel\framework\src\Illuminate\Routing\Middleware\SubstituteBindings.php:50
#37 \vendor\laravel\framework\src\Illuminate\Pipeline\Pipeline.php:183
#38 \vendor\laravel\framework\src\Illuminate\Foundation\Http\Middleware\VerifyCsrfToken.php:78
#39 \vendor\laravel\framework\src\Illuminate\Pipeline\Pipeline.php:183
#40 \vendor\laravel\framework\src\Illuminate\View\Middleware\ShareErrorsFromSession.php:49
#41 \vendor\laravel\framework\src\Illuminate\Pipeline\Pipeline.php:183
#42 \vendor\laravel\framework\src\Illuminate\Session\Middleware\StartSession.php:121
#43 \vendor\laravel\framework\src\Illuminate\Session\Middleware\StartSession.php:64
#44 \vendor\laravel\framework\src\Illuminate\Pipeline\Pipeline.php:183
#45 \vendor\laravel\framework\src\Illuminate\Cookie\Middleware\AddQueuedCookiesToResponse.php:37
#46 \vendor\laravel\framework\src\Illuminate\Pipeline\Pipeline.php:183
#47 \vendor\laravel\framework\src\Illuminate\Cookie\Middleware\EncryptCookies.php:67
#48 \vendor\laravel\framework\src\Illuminate\Pipeline\Pipeline.php:183
#49 \vendor\laravel\framework\src\Illuminate\Pipeline\Pipeline.php:119
  
[2026-02-05 22:09:19] local.INFO: Detected N+1 Query  
[2026-02-05 22:09:19] local.INFO: Model: App\Models\Cattle
Relation: App\Models\CattleExpense
Num-Called: 2
Call-Stack:
#14 \vendor\laravel\framework\src\Illuminate\Support\Traits\ForwardsCalls.php:23
#15 \vendor\laravel\framework\src\Illuminate\Support\Traits\ForwardsCalls.php:52
#17 \app\Models\Cattle.php:63
#23 \app\Http\Controllers\Admin\BookingController.php:482
#24 \vendor\laravel\framework\src\Illuminate\Routing\Controller.php:54
#25 \vendor\laravel\framework\src\Illuminate\Routing\ControllerDispatcher.php:43
#26 \vendor\laravel\framework\src\Illuminate\Routing\Route.php:259
#27 \vendor\laravel\framework\src\Illuminate\Routing\Route.php:205
#28 \vendor\laravel\framework\src\Illuminate\Routing\Router.php:806
#29 \vendor\laravel\framework\src\Illuminate\Pipeline\Pipeline.php:144
#30 \app\Http\Middleware\RedirectIfNotAdmin.php:22
#31 \vendor\laravel\framework\src\Illuminate\Pipeline\Pipeline.php:183
#32 \vendor\barryvdh\laravel-debugbar\src\Middleware\InjectDebugbar.php:66
#33 \vendor\laravel\framework\src\Illuminate\Pipeline\Pipeline.php:183
#34 \app\Http\Middleware\LanguageMiddleware.php:22
#35 \vendor\laravel\framework\src\Illuminate\Pipeline\Pipeline.php:183
#36 \vendor\laravel\framework\src\Illuminate\Routing\Middleware\SubstituteBindings.php:50
#37 \vendor\laravel\framework\src\Illuminate\Pipeline\Pipeline.php:183
#38 \vendor\laravel\framework\src\Illuminate\Foundation\Http\Middleware\VerifyCsrfToken.php:78
#39 \vendor\laravel\framework\src\Illuminate\Pipeline\Pipeline.php:183
#40 \vendor\laravel\framework\src\Illuminate\View\Middleware\ShareErrorsFromSession.php:49
#41 \vendor\laravel\framework\src\Illuminate\Pipeline\Pipeline.php:183
#42 \vendor\laravel\framework\src\Illuminate\Session\Middleware\StartSession.php:121
#43 \vendor\laravel\framework\src\Illuminate\Session\Middleware\StartSession.php:64
#44 \vendor\laravel\framework\src\Illuminate\Pipeline\Pipeline.php:183
#45 \vendor\laravel\framework\src\Illuminate\Cookie\Middleware\AddQueuedCookiesToResponse.php:37
#46 \vendor\laravel\framework\src\Illuminate\Pipeline\Pipeline.php:183
#47 \vendor\laravel\framework\src\Illuminate\Cookie\Middleware\EncryptCookies.php:67
#48 \vendor\laravel\framework\src\Illuminate\Pipeline\Pipeline.php:183
#49 \vendor\laravel\framework\src\Illuminate\Pipeline\Pipeline.php:119
  
[2026-02-05 22:09:23] local.INFO: Detected N+1 Query  
[2026-02-05 22:09:23] local.INFO: Model: App\Models\Cattle
Relation: App\Models\CattleExpense
Num-Called: 2
Call-Stack:
#14 \vendor\laravel\framework\src\Illuminate\Support\Traits\ForwardsCalls.php:23
#15 \vendor\laravel\framework\src\Illuminate\Support\Traits\ForwardsCalls.php:52
#17 \app\Models\Cattle.php:63
#23 \app\Http\Controllers\Admin\BookingController.php:482
#24 \vendor\laravel\framework\src\Illuminate\Routing\Controller.php:54
#25 \vendor\laravel\framework\src\Illuminate\Routing\ControllerDispatcher.php:43
#26 \vendor\laravel\framework\src\Illuminate\Routing\Route.php:259
#27 \vendor\laravel\framework\src\Illuminate\Routing\Route.php:205
#28 \vendor\laravel\framework\src\Illuminate\Routing\Router.php:806
#29 \vendor\laravel\framework\src\Illuminate\Pipeline\Pipeline.php:144
#30 \app\Http\Middleware\RedirectIfNotAdmin.php:22
#31 \vendor\laravel\framework\src\Illuminate\Pipeline\Pipeline.php:183
#32 \vendor\barryvdh\laravel-debugbar\src\Middleware\InjectDebugbar.php:66
#33 \vendor\laravel\framework\src\Illuminate\Pipeline\Pipeline.php:183
#34 \app\Http\Middleware\LanguageMiddleware.php:22
#35 \vendor\laravel\framework\src\Illuminate\Pipeline\Pipeline.php:183
#36 \vendor\laravel\framework\src\Illuminate\Routing\Middleware\SubstituteBindings.php:50
#37 \vendor\laravel\framework\src\Illuminate\Pipeline\Pipeline.php:183
#38 \vendor\laravel\framework\src\Illuminate\Foundation\Http\Middleware\VerifyCsrfToken.php:78
#39 \vendor\laravel\framework\src\Illuminate\Pipeline\Pipeline.php:183
#40 \vendor\laravel\framework\src\Illuminate\View\Middleware\ShareErrorsFromSession.php:49
#41 \vendor\laravel\framework\src\Illuminate\Pipeline\Pipeline.php:183
#42 \vendor\laravel\framework\src\Illuminate\Session\Middleware\StartSession.php:121
#43 \vendor\laravel\framework\src\Illuminate\Session\Middleware\StartSession.php:64
#44 \vendor\laravel\framework\src\Illuminate\Pipeline\Pipeline.php:183
#45 \vendor\laravel\framework\src\Illuminate\Cookie\Middleware\AddQueuedCookiesToResponse.php:37
#46 \vendor\laravel\framework\src\Illuminate\Pipeline\Pipeline.php:183
#47 \vendor\laravel\framework\src\Illuminate\Cookie\Middleware\EncryptCookies.php:67
#48 \vendor\laravel\framework\src\Illuminate\Pipeline\Pipeline.php:183
#49 \vendor\laravel\framework\src\Illuminate\Pipeline\Pipeline.php:119
  
[2026-02-05 22:09:34] local.INFO: Detected N+1 Query  
[2026-02-05 22:09:34] local.INFO: Model: App\Models\Cattle
Relation: App\Models\CattleExpense
Num-Called: 2
Call-Stack:
#14 \vendor\laravel\framework\src\Illuminate\Support\Traits\ForwardsCalls.php:23
#15 \vendor\laravel\framework\src\Illuminate\Support\Traits\ForwardsCalls.php:52
#17 \app\Models\Cattle.php:63
#23 \app\Http\Controllers\Admin\BookingController.php:482
#24 \vendor\laravel\framework\src\Illuminate\Routing\Controller.php:54
#25 \vendor\laravel\framework\src\Illuminate\Routing\ControllerDispatcher.php:43
#26 \vendor\laravel\framework\src\Illuminate\Routing\Route.php:259
#27 \vendor\laravel\framework\src\Illuminate\Routing\Route.php:205
#28 \vendor\laravel\framework\src\Illuminate\Routing\Router.php:806
#29 \vendor\laravel\framework\src\Illuminate\Pipeline\Pipeline.php:144
#30 \app\Http\Middleware\RedirectIfNotAdmin.php:22
#31 \vendor\laravel\framework\src\Illuminate\Pipeline\Pipeline.php:183
#32 \vendor\barryvdh\laravel-debugbar\src\Middleware\InjectDebugbar.php:66
#33 \vendor\laravel\framework\src\Illuminate\Pipeline\Pipeline.php:183
#34 \app\Http\Middleware\LanguageMiddleware.php:22
#35 \vendor\laravel\framework\src\Illuminate\Pipeline\Pipeline.php:183
#36 \vendor\laravel\framework\src\Illuminate\Routing\Middleware\SubstituteBindings.php:50
#37 \vendor\laravel\framework\src\Illuminate\Pipeline\Pipeline.php:183
#38 \vendor\laravel\framework\src\Illuminate\Foundation\Http\Middleware\VerifyCsrfToken.php:78
#39 \vendor\laravel\framework\src\Illuminate\Pipeline\Pipeline.php:183
#40 \vendor\laravel\framework\src\Illuminate\View\Middleware\ShareErrorsFromSession.php:49
#41 \vendor\laravel\framework\src\Illuminate\Pipeline\Pipeline.php:183
#42 \vendor\laravel\framework\src\Illuminate\Session\Middleware\StartSession.php:121
#43 \vendor\laravel\framework\src\Illuminate\Session\Middleware\StartSession.php:64
#44 \vendor\laravel\framework\src\Illuminate\Pipeline\Pipeline.php:183
#45 \vendor\laravel\framework\src\Illuminate\Cookie\Middleware\AddQueuedCookiesToResponse.php:37
#46 \vendor\laravel\framework\src\Illuminate\Pipeline\Pipeline.php:183
#47 \vendor\laravel\framework\src\Illuminate\Cookie\Middleware\EncryptCookies.php:67
#48 \vendor\laravel\framework\src\Illuminate\Pipeline\Pipeline.php:183
#49 \vendor\laravel\framework\src\Illuminate\Pipeline\Pipeline.php:119
  
[2026-02-05 22:09:58] local.INFO: Detected N+1 Query  
[2026-02-05 22:09:58] local.INFO: Model: App\Models\Cattle
Relation: App\Models\CattleExpense
Num-Called: 2
Call-Stack:
#14 \vendor\laravel\framework\src\Illuminate\Support\Traits\ForwardsCalls.php:23
#15 \vendor\laravel\framework\src\Illuminate\Support\Traits\ForwardsCalls.php:52
#17 \app\Models\Cattle.php:63
#23 \app\Http\Controllers\Admin\BookingController.php:482
#24 \vendor\laravel\framework\src\Illuminate\Routing\Controller.php:54
#25 \vendor\laravel\framework\src\Illuminate\Routing\ControllerDispatcher.php:43
#26 \vendor\laravel\framework\src\Illuminate\Routing\Route.php:259
#27 \vendor\laravel\framework\src\Illuminate\Routing\Route.php:205
#28 \vendor\laravel\framework\src\Illuminate\Routing\Router.php:806
#29 \vendor\laravel\framework\src\Illuminate\Pipeline\Pipeline.php:144
#30 \app\Http\Middleware\RedirectIfNotAdmin.php:22
#31 \vendor\laravel\framework\src\Illuminate\Pipeline\Pipeline.php:183
#32 \vendor\barryvdh\laravel-debugbar\src\Middleware\InjectDebugbar.php:66
#33 \vendor\laravel\framework\src\Illuminate\Pipeline\Pipeline.php:183
#34 \app\Http\Middleware\LanguageMiddleware.php:22
#35 \vendor\laravel\framework\src\Illuminate\Pipeline\Pipeline.php:183
#36 \vendor\laravel\framework\src\Illuminate\Routing\Middleware\SubstituteBindings.php:50
#37 \vendor\laravel\framework\src\Illuminate\Pipeline\Pipeline.php:183
#38 \vendor\laravel\framework\src\Illuminate\Foundation\Http\Middleware\VerifyCsrfToken.php:78
#39 \vendor\laravel\framework\src\Illuminate\Pipeline\Pipeline.php:183
#40 \vendor\laravel\framework\src\Illuminate\View\Middleware\ShareErrorsFromSession.php:49
#41 \vendor\laravel\framework\src\Illuminate\Pipeline\Pipeline.php:183
#42 \vendor\laravel\framework\src\Illuminate\Session\Middleware\StartSession.php:121
#43 \vendor\laravel\framework\src\Illuminate\Session\Middleware\StartSession.php:64
#44 \vendor\laravel\framework\src\Illuminate\Pipeline\Pipeline.php:183
#45 \vendor\laravel\framework\src\Illuminate\Cookie\Middleware\AddQueuedCookiesToResponse.php:37
#46 \vendor\laravel\framework\src\Illuminate\Pipeline\Pipeline.php:183
#47 \vendor\laravel\framework\src\Illuminate\Cookie\Middleware\EncryptCookies.php:67
#48 \vendor\laravel\framework\src\Illuminate\Pipeline\Pipeline.php:183
#49 \vendor\laravel\framework\src\Illuminate\Pipeline\Pipeline.php:119
  
[2026-02-05 22:10:28] local.INFO: Detected N+1 Query  
[2026-02-05 22:10:28] local.INFO: Model: App\Models\Cattle
Relation: App\Models\CattleExpense
Num-Called: 2
Call-Stack:
#14 \vendor\laravel\framework\src\Illuminate\Support\Traits\ForwardsCalls.php:23
#15 \vendor\laravel\framework\src\Illuminate\Support\Traits\ForwardsCalls.php:52
#17 \app\Models\Cattle.php:63
#23 \app\Http\Controllers\Admin\BookingController.php:482
#24 \vendor\laravel\framework\src\Illuminate\Routing\Controller.php:54
#25 \vendor\laravel\framework\src\Illuminate\Routing\ControllerDispatcher.php:43
#26 \vendor\laravel\framework\src\Illuminate\Routing\Route.php:259
#27 \vendor\laravel\framework\src\Illuminate\Routing\Route.php:205
#28 \vendor\laravel\framework\src\Illuminate\Routing\Router.php:806
#29 \vendor\laravel\framework\src\Illuminate\Pipeline\Pipeline.php:144
#30 \app\Http\Middleware\RedirectIfNotAdmin.php:22
#31 \vendor\laravel\framework\src\Illuminate\Pipeline\Pipeline.php:183
#32 \vendor\barryvdh\laravel-debugbar\src\Middleware\InjectDebugbar.php:66
#33 \vendor\laravel\framework\src\Illuminate\Pipeline\Pipeline.php:183
#34 \app\Http\Middleware\LanguageMiddleware.php:22
#35 \vendor\laravel\framework\src\Illuminate\Pipeline\Pipeline.php:183
#36 \vendor\laravel\framework\src\Illuminate\Routing\Middleware\SubstituteBindings.php:50
#37 \vendor\laravel\framework\src\Illuminate\Pipeline\Pipeline.php:183
#38 \vendor\laravel\framework\src\Illuminate\Foundation\Http\Middleware\VerifyCsrfToken.php:78
#39 \vendor\laravel\framework\src\Illuminate\Pipeline\Pipeline.php:183
#40 \vendor\laravel\framework\src\Illuminate\View\Middleware\ShareErrorsFromSession.php:49
#41 \vendor\laravel\framework\src\Illuminate\Pipeline\Pipeline.php:183
#42 \vendor\laravel\framework\src\Illuminate\Session\Middleware\StartSession.php:121
#43 \vendor\laravel\framework\src\Illuminate\Session\Middleware\StartSession.php:64
#44 \vendor\laravel\framework\src\Illuminate\Pipeline\Pipeline.php:183
#45 \vendor\laravel\framework\src\Illuminate\Cookie\Middleware\AddQueuedCookiesToResponse.php:37
#46 \vendor\laravel\framework\src\Illuminate\Pipeline\Pipeline.php:183
#47 \vendor\laravel\framework\src\Illuminate\Cookie\Middleware\EncryptCookies.php:67
#48 \vendor\laravel\framework\src\Illuminate\Pipeline\Pipeline.php:183
#49 \vendor\laravel\framework\src\Illuminate\Pipeline\Pipeline.php:119
  
[2026-02-05 22:10:32] local.INFO: Detected N+1 Query  
[2026-02-05 22:10:32] local.INFO: Model: App\Models\Cattle
Relation: App\Models\CattleExpense
Num-Called: 2
Call-Stack:
#14 \vendor\laravel\framework\src\Illuminate\Support\Traits\ForwardsCalls.php:23
#15 \vendor\laravel\framework\src\Illuminate\Support\Traits\ForwardsCalls.php:52
#17 \app\Models\Cattle.php:63
#23 \app\Http\Controllers\Admin\BookingController.php:482
#24 \vendor\laravel\framework\src\Illuminate\Routing\Controller.php:54
#25 \vendor\laravel\framework\src\Illuminate\Routing\ControllerDispatcher.php:43
#26 \vendor\laravel\framework\src\Illuminate\Routing\Route.php:259
#27 \vendor\laravel\framework\src\Illuminate\Routing\Route.php:205
#28 \vendor\laravel\framework\src\Illuminate\Routing\Router.php:806
#29 \vendor\laravel\framework\src\Illuminate\Pipeline\Pipeline.php:144
#30 \app\Http\Middleware\RedirectIfNotAdmin.php:22
#31 \vendor\laravel\framework\src\Illuminate\Pipeline\Pipeline.php:183
#32 \vendor\barryvdh\laravel-debugbar\src\Middleware\InjectDebugbar.php:66
#33 \vendor\laravel\framework\src\Illuminate\Pipeline\Pipeline.php:183
#34 \app\Http\Middleware\LanguageMiddleware.php:22
#35 \vendor\laravel\framework\src\Illuminate\Pipeline\Pipeline.php:183
#36 \vendor\laravel\framework\src\Illuminate\Routing\Middleware\SubstituteBindings.php:50
#37 \vendor\laravel\framework\src\Illuminate\Pipeline\Pipeline.php:183
#38 \vendor\laravel\framework\src\Illuminate\Foundation\Http\Middleware\VerifyCsrfToken.php:78
#39 \vendor\laravel\framework\src\Illuminate\Pipeline\Pipeline.php:183
#40 \vendor\laravel\framework\src\Illuminate\View\Middleware\ShareErrorsFromSession.php:49
#41 \vendor\laravel\framework\src\Illuminate\Pipeline\Pipeline.php:183
#42 \vendor\laravel\framework\src\Illuminate\Session\Middleware\StartSession.php:121
#43 \vendor\laravel\framework\src\Illuminate\Session\Middleware\StartSession.php:64
#44 \vendor\laravel\framework\src\Illuminate\Pipeline\Pipeline.php:183
#45 \vendor\laravel\framework\src\Illuminate\Cookie\Middleware\AddQueuedCookiesToResponse.php:37
#46 \vendor\laravel\framework\src\Illuminate\Pipeline\Pipeline.php:183
#47 \vendor\laravel\framework\src\Illuminate\Cookie\Middleware\EncryptCookies.php:67
#48 \vendor\laravel\framework\src\Illuminate\Pipeline\Pipeline.php:183
#49 \vendor\laravel\framework\src\Illuminate\Pipeline\Pipeline.php:119
  
[2026-02-05 22:10:39] local.INFO: Detected N+1 Query  
[2026-02-05 22:10:39] local.INFO: Model: App\Models\Cattle
Relation: App\Models\CattleExpense
Num-Called: 2
Call-Stack:
#14 \vendor\laravel\framework\src\Illuminate\Support\Traits\ForwardsCalls.php:23
#15 \vendor\laravel\framework\src\Illuminate\Support\Traits\ForwardsCalls.php:52
#17 \app\Models\Cattle.php:63
#23 \app\Http\Controllers\Admin\BookingController.php:482
#24 \vendor\laravel\framework\src\Illuminate\Routing\Controller.php:54
#25 \vendor\laravel\framework\src\Illuminate\Routing\ControllerDispatcher.php:43
#26 \vendor\laravel\framework\src\Illuminate\Routing\Route.php:259
#27 \vendor\laravel\framework\src\Illuminate\Routing\Route.php:205
#28 \vendor\laravel\framework\src\Illuminate\Routing\Router.php:806
#29 \vendor\laravel\framework\src\Illuminate\Pipeline\Pipeline.php:144
#30 \app\Http\Middleware\RedirectIfNotAdmin.php:22
#31 \vendor\laravel\framework\src\Illuminate\Pipeline\Pipeline.php:183
#32 \vendor\barryvdh\laravel-debugbar\src\Middleware\InjectDebugbar.php:66
#33 \vendor\laravel\framework\src\Illuminate\Pipeline\Pipeline.php:183
#34 \app\Http\Middleware\LanguageMiddleware.php:22
#35 \vendor\laravel\framework\src\Illuminate\Pipeline\Pipeline.php:183
#36 \vendor\laravel\framework\src\Illuminate\Routing\Middleware\SubstituteBindings.php:50
#37 \vendor\laravel\framework\src\Illuminate\Pipeline\Pipeline.php:183
#38 \vendor\laravel\framework\src\Illuminate\Foundation\Http\Middleware\VerifyCsrfToken.php:78
#39 \vendor\laravel\framework\src\Illuminate\Pipeline\Pipeline.php:183
#40 \vendor\laravel\framework\src\Illuminate\View\Middleware\ShareErrorsFromSession.php:49
#41 \vendor\laravel\framework\src\Illuminate\Pipeline\Pipeline.php:183
#42 \vendor\laravel\framework\src\Illuminate\Session\Middleware\StartSession.php:121
#43 \vendor\laravel\framework\src\Illuminate\Session\Middleware\StartSession.php:64
#44 \vendor\laravel\framework\src\Illuminate\Pipeline\Pipeline.php:183
#45 \vendor\laravel\framework\src\Illuminate\Cookie\Middleware\AddQueuedCookiesToResponse.php:37
#46 \vendor\laravel\framework\src\Illuminate\Pipeline\Pipeline.php:183
#47 \vendor\laravel\framework\src\Illuminate\Cookie\Middleware\EncryptCookies.php:67
#48 \vendor\laravel\framework\src\Illuminate\Pipeline\Pipeline.php:183
#49 \vendor\laravel\framework\src\Illuminate\Pipeline\Pipeline.php:119
  
[2026-02-05 22:11:18] local.INFO: Detected N+1 Query  
[2026-02-05 22:11:18] local.INFO: Model: App\Models\Cattle
Relation: App\Models\CattleExpense
Num-Called: 2
Call-Stack:
#14 \vendor\laravel\framework\src\Illuminate\Support\Traits\ForwardsCalls.php:23
#15 \vendor\laravel\framework\src\Illuminate\Support\Traits\ForwardsCalls.php:52
#17 \app\Models\Cattle.php:63
#23 \app\Http\Controllers\Admin\BookingController.php:482
#24 \vendor\laravel\framework\src\Illuminate\Routing\Controller.php:54
#25 \vendor\laravel\framework\src\Illuminate\Routing\ControllerDispatcher.php:43
#26 \vendor\laravel\framework\src\Illuminate\Routing\Route.php:259
#27 \vendor\laravel\framework\src\Illuminate\Routing\Route.php:205
#28 \vendor\laravel\framework\src\Illuminate\Routing\Router.php:806
#29 \vendor\laravel\framework\src\Illuminate\Pipeline\Pipeline.php:144
#30 \app\Http\Middleware\RedirectIfNotAdmin.php:22
#31 \vendor\laravel\framework\src\Illuminate\Pipeline\Pipeline.php:183
#32 \vendor\barryvdh\laravel-debugbar\src\Middleware\InjectDebugbar.php:66
#33 \vendor\laravel\framework\src\Illuminate\Pipeline\Pipeline.php:183
#34 \app\Http\Middleware\LanguageMiddleware.php:22
#35 \vendor\laravel\framework\src\Illuminate\Pipeline\Pipeline.php:183
#36 \vendor\laravel\framework\src\Illuminate\Routing\Middleware\SubstituteBindings.php:50
#37 \vendor\laravel\framework\src\Illuminate\Pipeline\Pipeline.php:183
#38 \vendor\laravel\framework\src\Illuminate\Foundation\Http\Middleware\VerifyCsrfToken.php:78
#39 \vendor\laravel\framework\src\Illuminate\Pipeline\Pipeline.php:183
#40 \vendor\laravel\framework\src\Illuminate\View\Middleware\ShareErrorsFromSession.php:49
#41 \vendor\laravel\framework\src\Illuminate\Pipeline\Pipeline.php:183
#42 \vendor\laravel\framework\src\Illuminate\Session\Middleware\StartSession.php:121
#43 \vendor\laravel\framework\src\Illuminate\Session\Middleware\StartSession.php:64
#44 \vendor\laravel\framework\src\Illuminate\Pipeline\Pipeline.php:183
#45 \vendor\laravel\framework\src\Illuminate\Cookie\Middleware\AddQueuedCookiesToResponse.php:37
#46 \vendor\laravel\framework\src\Illuminate\Pipeline\Pipeline.php:183
#47 \vendor\laravel\framework\src\Illuminate\Cookie\Middleware\EncryptCookies.php:67
#48 \vendor\laravel\framework\src\Illuminate\Pipeline\Pipeline.php:183
#49 \vendor\laravel\framework\src\Illuminate\Pipeline\Pipeline.php:119
  
[2026-02-05 22:11:32] local.INFO: Detected N+1 Query  
[2026-02-05 22:11:32] local.INFO: Model: App\Models\Cattle
Relation: App\Models\CattleExpense
Num-Called: 2
Call-Stack:
#14 \vendor\laravel\framework\src\Illuminate\Support\Traits\ForwardsCalls.php:23
#15 \vendor\laravel\framework\src\Illuminate\Support\Traits\ForwardsCalls.php:52
#17 \app\Models\Cattle.php:63
#23 \app\Http\Controllers\Admin\BookingController.php:482
#24 \vendor\laravel\framework\src\Illuminate\Routing\Controller.php:54
#25 \vendor\laravel\framework\src\Illuminate\Routing\ControllerDispatcher.php:43
#26 \vendor\laravel\framework\src\Illuminate\Routing\Route.php:259
#27 \vendor\laravel\framework\src\Illuminate\Routing\Route.php:205
#28 \vendor\laravel\framework\src\Illuminate\Routing\Router.php:806
#29 \vendor\laravel\framework\src\Illuminate\Pipeline\Pipeline.php:144
#30 \app\Http\Middleware\RedirectIfNotAdmin.php:22
#31 \vendor\laravel\framework\src\Illuminate\Pipeline\Pipeline.php:183
#32 \vendor\barryvdh\laravel-debugbar\src\Middleware\InjectDebugbar.php:66
#33 \vendor\laravel\framework\src\Illuminate\Pipeline\Pipeline.php:183
#34 \app\Http\Middleware\LanguageMiddleware.php:22
#35 \vendor\laravel\framework\src\Illuminate\Pipeline\Pipeline.php:183
#36 \vendor\laravel\framework\src\Illuminate\Routing\Middleware\SubstituteBindings.php:50
#37 \vendor\laravel\framework\src\Illuminate\Pipeline\Pipeline.php:183
#38 \vendor\laravel\framework\src\Illuminate\Foundation\Http\Middleware\VerifyCsrfToken.php:78
#39 \vendor\laravel\framework\src\Illuminate\Pipeline\Pipeline.php:183
#40 \vendor\laravel\framework\src\Illuminate\View\Middleware\ShareErrorsFromSession.php:49
#41 \vendor\laravel\framework\src\Illuminate\Pipeline\Pipeline.php:183
#42 \vendor\laravel\framework\src\Illuminate\Session\Middleware\StartSession.php:121
#43 \vendor\laravel\framework\src\Illuminate\Session\Middleware\StartSession.php:64
#44 \vendor\laravel\framework\src\Illuminate\Pipeline\Pipeline.php:183
#45 \vendor\laravel\framework\src\Illuminate\Cookie\Middleware\AddQueuedCookiesToResponse.php:37
#46 \vendor\laravel\framework\src\Illuminate\Pipeline\Pipeline.php:183
#47 \vendor\laravel\framework\src\Illuminate\Cookie\Middleware\EncryptCookies.php:67
#48 \vendor\laravel\framework\src\Illuminate\Pipeline\Pipeline.php:183
#49 \vendor\laravel\framework\src\Illuminate\Pipeline\Pipeline.php:119
  
[2026-02-05 22:11:40] local.INFO: Detected N+1 Query  
[2026-02-05 22:11:40] local.INFO: Model: App\Models\Cattle
Relation: App\Models\CattleExpense
Num-Called: 2
Call-Stack:
#14 \vendor\laravel\framework\src\Illuminate\Support\Traits\ForwardsCalls.php:23
#15 \vendor\laravel\framework\src\Illuminate\Support\Traits\ForwardsCalls.php:52
#17 \app\Models\Cattle.php:63
#23 \app\Http\Controllers\Admin\BookingController.php:482
#24 \vendor\laravel\framework\src\Illuminate\Routing\Controller.php:54
#25 \vendor\laravel\framework\src\Illuminate\Routing\ControllerDispatcher.php:43
#26 \vendor\laravel\framework\src\Illuminate\Routing\Route.php:259
#27 \vendor\laravel\framework\src\Illuminate\Routing\Route.php:205
#28 \vendor\laravel\framework\src\Illuminate\Routing\Router.php:806
#29 \vendor\laravel\framework\src\Illuminate\Pipeline\Pipeline.php:144
#30 \app\Http\Middleware\RedirectIfNotAdmin.php:22
#31 \vendor\laravel\framework\src\Illuminate\Pipeline\Pipeline.php:183
#32 \vendor\barryvdh\laravel-debugbar\src\Middleware\InjectDebugbar.php:66
#33 \vendor\laravel\framework\src\Illuminate\Pipeline\Pipeline.php:183
#34 \app\Http\Middleware\LanguageMiddleware.php:22
#35 \vendor\laravel\framework\src\Illuminate\Pipeline\Pipeline.php:183
#36 \vendor\laravel\framework\src\Illuminate\Routing\Middleware\SubstituteBindings.php:50
#37 \vendor\laravel\framework\src\Illuminate\Pipeline\Pipeline.php:183
#38 \vendor\laravel\framework\src\Illuminate\Foundation\Http\Middleware\VerifyCsrfToken.php:78
#39 \vendor\laravel\framework\src\Illuminate\Pipeline\Pipeline.php:183
#40 \vendor\laravel\framework\src\Illuminate\View\Middleware\ShareErrorsFromSession.php:49
#41 \vendor\laravel\framework\src\Illuminate\Pipeline\Pipeline.php:183
#42 \vendor\laravel\framework\src\Illuminate\Session\Middleware\StartSession.php:121
#43 \vendor\laravel\framework\src\Illuminate\Session\Middleware\StartSession.php:64
#44 \vendor\laravel\framework\src\Illuminate\Pipeline\Pipeline.php:183
#45 \vendor\laravel\framework\src\Illuminate\Cookie\Middleware\AddQueuedCookiesToResponse.php:37
#46 \vendor\laravel\framework\src\Illuminate\Pipeline\Pipeline.php:183
#47 \vendor\laravel\framework\src\Illuminate\Cookie\Middleware\EncryptCookies.php:67
#48 \vendor\laravel\framework\src\Illuminate\Pipeline\Pipeline.php:183
#49 \vendor\laravel\framework\src\Illuminate\Pipeline\Pipeline.php:119
  
[2026-02-05 22:12:28] local.INFO: Detected N+1 Query  
[2026-02-05 22:12:28] local.INFO: Model: App\Models\Cattle
Relation: App\Models\CattleExpense
Num-Called: 2
Call-Stack:
#14 \vendor\laravel\framework\src\Illuminate\Support\Traits\ForwardsCalls.php:23
#15 \vendor\laravel\framework\src\Illuminate\Support\Traits\ForwardsCalls.php:52
#17 \app\Models\Cattle.php:63
#23 \app\Http\Controllers\Admin\BookingController.php:482
#24 \vendor\laravel\framework\src\Illuminate\Routing\Controller.php:54
#25 \vendor\laravel\framework\src\Illuminate\Routing\ControllerDispatcher.php:43
#26 \vendor\laravel\framework\src\Illuminate\Routing\Route.php:259
#27 \vendor\laravel\framework\src\Illuminate\Routing\Route.php:205
#28 \vendor\laravel\framework\src\Illuminate\Routing\Router.php:806
#29 \vendor\laravel\framework\src\Illuminate\Pipeline\Pipeline.php:144
#30 \app\Http\Middleware\RedirectIfNotAdmin.php:22
#31 \vendor\laravel\framework\src\Illuminate\Pipeline\Pipeline.php:183
#32 \vendor\barryvdh\laravel-debugbar\src\Middleware\InjectDebugbar.php:66
#33 \vendor\laravel\framework\src\Illuminate\Pipeline\Pipeline.php:183
#34 \app\Http\Middleware\LanguageMiddleware.php:22
#35 \vendor\laravel\framework\src\Illuminate\Pipeline\Pipeline.php:183
#36 \vendor\laravel\framework\src\Illuminate\Routing\Middleware\SubstituteBindings.php:50
#37 \vendor\laravel\framework\src\Illuminate\Pipeline\Pipeline.php:183
#38 \vendor\laravel\framework\src\Illuminate\Foundation\Http\Middleware\VerifyCsrfToken.php:78
#39 \vendor\laravel\framework\src\Illuminate\Pipeline\Pipeline.php:183
#40 \vendor\laravel\framework\src\Illuminate\View\Middleware\ShareErrorsFromSession.php:49
#41 \vendor\laravel\framework\src\Illuminate\Pipeline\Pipeline.php:183
#42 \vendor\laravel\framework\src\Illuminate\Session\Middleware\StartSession.php:121
#43 \vendor\laravel\framework\src\Illuminate\Session\Middleware\StartSession.php:64
#44 \vendor\laravel\framework\src\Illuminate\Pipeline\Pipeline.php:183
#45 \vendor\laravel\framework\src\Illuminate\Cookie\Middleware\AddQueuedCookiesToResponse.php:37
#46 \vendor\laravel\framework\src\Illuminate\Pipeline\Pipeline.php:183
#47 \vendor\laravel\framework\src\Illuminate\Cookie\Middleware\EncryptCookies.php:67
#48 \vendor\laravel\framework\src\Illuminate\Pipeline\Pipeline.php:183
#49 \vendor\laravel\framework\src\Illuminate\Pipeline\Pipeline.php:119
  
[2026-02-05 22:12:29] local.INFO: Detected N+1 Query  
[2026-02-05 22:12:29] local.INFO: Model: App\Models\Cattle
Relation: App\Models\CattleExpense
Num-Called: 2
Call-Stack:
#14 \vendor\laravel\framework\src\Illuminate\Support\Traits\ForwardsCalls.php:23
#15 \vendor\laravel\framework\src\Illuminate\Support\Traits\ForwardsCalls.php:52
#17 \app\Models\Cattle.php:63
#23 \app\Http\Controllers\Admin\BookingController.php:482
#24 \vendor\laravel\framework\src\Illuminate\Routing\Controller.php:54
#25 \vendor\laravel\framework\src\Illuminate\Routing\ControllerDispatcher.php:43
#26 \vendor\laravel\framework\src\Illuminate\Routing\Route.php:259
#27 \vendor\laravel\framework\src\Illuminate\Routing\Route.php:205
#28 \vendor\laravel\framework\src\Illuminate\Routing\Router.php:806
#29 \vendor\laravel\framework\src\Illuminate\Pipeline\Pipeline.php:144
#30 \app\Http\Middleware\RedirectIfNotAdmin.php:22
#31 \vendor\laravel\framework\src\Illuminate\Pipeline\Pipeline.php:183
#32 \vendor\barryvdh\laravel-debugbar\src\Middleware\InjectDebugbar.php:66
#33 \vendor\laravel\framework\src\Illuminate\Pipeline\Pipeline.php:183
#34 \app\Http\Middleware\LanguageMiddleware.php:22
#35 \vendor\laravel\framework\src\Illuminate\Pipeline\Pipeline.php:183
#36 \vendor\laravel\framework\src\Illuminate\Routing\Middleware\SubstituteBindings.php:50
#37 \vendor\laravel\framework\src\Illuminate\Pipeline\Pipeline.php:183
#38 \vendor\laravel\framework\src\Illuminate\Foundation\Http\Middleware\VerifyCsrfToken.php:78
#39 \vendor\laravel\framework\src\Illuminate\Pipeline\Pipeline.php:183
#40 \vendor\laravel\framework\src\Illuminate\View\Middleware\ShareErrorsFromSession.php:49
#41 \vendor\laravel\framework\src\Illuminate\Pipeline\Pipeline.php:183
#42 \vendor\laravel\framework\src\Illuminate\Session\Middleware\StartSession.php:121
#43 \vendor\laravel\framework\src\Illuminate\Session\Middleware\StartSession.php:64
#44 \vendor\laravel\framework\src\Illuminate\Pipeline\Pipeline.php:183
#45 \vendor\laravel\framework\src\Illuminate\Cookie\Middleware\AddQueuedCookiesToResponse.php:37
#46 \vendor\laravel\framework\src\Illuminate\Pipeline\Pipeline.php:183
#47 \vendor\laravel\framework\src\Illuminate\Cookie\Middleware\EncryptCookies.php:67
#48 \vendor\laravel\framework\src\Illuminate\Pipeline\Pipeline.php:183
#49 \vendor\laravel\framework\src\Illuminate\Pipeline\Pipeline.php:119
  
[2026-02-05 22:12:46] local.INFO: Detected N+1 Query  
[2026-02-05 22:12:46] local.INFO: Model: App\Models\Cattle
Relation: App\Models\CattleExpense
Num-Called: 2
Call-Stack:
#14 \vendor\laravel\framework\src\Illuminate\Support\Traits\ForwardsCalls.php:23
#15 \vendor\laravel\framework\src\Illuminate\Support\Traits\ForwardsCalls.php:52
#17 \app\Models\Cattle.php:63
#23 \app\Http\Controllers\Admin\BookingController.php:482
#24 \vendor\laravel\framework\src\Illuminate\Routing\Controller.php:54
#25 \vendor\laravel\framework\src\Illuminate\Routing\ControllerDispatcher.php:43
#26 \vendor\laravel\framework\src\Illuminate\Routing\Route.php:259
#27 \vendor\laravel\framework\src\Illuminate\Routing\Route.php:205
#28 \vendor\laravel\framework\src\Illuminate\Routing\Router.php:806
#29 \vendor\laravel\framework\src\Illuminate\Pipeline\Pipeline.php:144
#30 \app\Http\Middleware\RedirectIfNotAdmin.php:22
#31 \vendor\laravel\framework\src\Illuminate\Pipeline\Pipeline.php:183
#32 \vendor\barryvdh\laravel-debugbar\src\Middleware\InjectDebugbar.php:66
#33 \vendor\laravel\framework\src\Illuminate\Pipeline\Pipeline.php:183
#34 \app\Http\Middleware\LanguageMiddleware.php:22
#35 \vendor\laravel\framework\src\Illuminate\Pipeline\Pipeline.php:183
#36 \vendor\laravel\framework\src\Illuminate\Routing\Middleware\SubstituteBindings.php:50
#37 \vendor\laravel\framework\src\Illuminate\Pipeline\Pipeline.php:183
#38 \vendor\laravel\framework\src\Illuminate\Foundation\Http\Middleware\VerifyCsrfToken.php:78
#39 \vendor\laravel\framework\src\Illuminate\Pipeline\Pipeline.php:183
#40 \vendor\laravel\framework\src\Illuminate\View\Middleware\ShareErrorsFromSession.php:49
#41 \vendor\laravel\framework\src\Illuminate\Pipeline\Pipeline.php:183
#42 \vendor\laravel\framework\src\Illuminate\Session\Middleware\StartSession.php:121
#43 \vendor\laravel\framework\src\Illuminate\Session\Middleware\StartSession.php:64
#44 \vendor\laravel\framework\src\Illuminate\Pipeline\Pipeline.php:183
#45 \vendor\laravel\framework\src\Illuminate\Cookie\Middleware\AddQueuedCookiesToResponse.php:37
#46 \vendor\laravel\framework\src\Illuminate\Pipeline\Pipeline.php:183
#47 \vendor\laravel\framework\src\Illuminate\Cookie\Middleware\EncryptCookies.php:67
#48 \vendor\laravel\framework\src\Illuminate\Pipeline\Pipeline.php:183
#49 \vendor\laravel\framework\src\Illuminate\Pipeline\Pipeline.php:119
  
[2026-02-05 22:12:55] local.INFO: Detected N+1 Query  
[2026-02-05 22:12:55] local.INFO: Model: App\Models\Cattle
Relation: App\Models\CattleExpense
Num-Called: 2
Call-Stack:
#14 \vendor\laravel\framework\src\Illuminate\Support\Traits\ForwardsCalls.php:23
#15 \vendor\laravel\framework\src\Illuminate\Support\Traits\ForwardsCalls.php:52
#17 \app\Models\Cattle.php:63
#23 \app\Http\Controllers\Admin\BookingController.php:482
#24 \vendor\laravel\framework\src\Illuminate\Routing\Controller.php:54
#25 \vendor\laravel\framework\src\Illuminate\Routing\ControllerDispatcher.php:43
#26 \vendor\laravel\framework\src\Illuminate\Routing\Route.php:259
#27 \vendor\laravel\framework\src\Illuminate\Routing\Route.php:205
#28 \vendor\laravel\framework\src\Illuminate\Routing\Router.php:806
#29 \vendor\laravel\framework\src\Illuminate\Pipeline\Pipeline.php:144
#30 \app\Http\Middleware\RedirectIfNotAdmin.php:22
#31 \vendor\laravel\framework\src\Illuminate\Pipeline\Pipeline.php:183
#32 \vendor\barryvdh\laravel-debugbar\src\Middleware\InjectDebugbar.php:66
#33 \vendor\laravel\framework\src\Illuminate\Pipeline\Pipeline.php:183
#34 \app\Http\Middleware\LanguageMiddleware.php:22
#35 \vendor\laravel\framework\src\Illuminate\Pipeline\Pipeline.php:183
#36 \vendor\laravel\framework\src\Illuminate\Routing\Middleware\SubstituteBindings.php:50
#37 \vendor\laravel\framework\src\Illuminate\Pipeline\Pipeline.php:183
#38 \vendor\laravel\framework\src\Illuminate\Foundation\Http\Middleware\VerifyCsrfToken.php:78
#39 \vendor\laravel\framework\src\Illuminate\Pipeline\Pipeline.php:183
#40 \vendor\laravel\framework\src\Illuminate\View\Middleware\ShareErrorsFromSession.php:49
#41 \vendor\laravel\framework\src\Illuminate\Pipeline\Pipeline.php:183
#42 \vendor\laravel\framework\src\Illuminate\Session\Middleware\StartSession.php:121
#43 \vendor\laravel\framework\src\Illuminate\Session\Middleware\StartSession.php:64
#44 \vendor\laravel\framework\src\Illuminate\Pipeline\Pipeline.php:183
#45 \vendor\laravel\framework\src\Illuminate\Cookie\Middleware\AddQueuedCookiesToResponse.php:37
#46 \vendor\laravel\framework\src\Illuminate\Pipeline\Pipeline.php:183
#47 \vendor\laravel\framework\src\Illuminate\Cookie\Middleware\EncryptCookies.php:67
#48 \vendor\laravel\framework\src\Illuminate\Pipeline\Pipeline.php:183
#49 \vendor\laravel\framework\src\Illuminate\Pipeline\Pipeline.php:119
  
[2026-02-05 22:12:55] local.INFO: Detected N+1 Query  
[2026-02-05 22:12:55] local.INFO: Model: App\Models\Cattle
Relation: App\Models\CattleExpense
Num-Called: 2
Call-Stack:
#14 \vendor\laravel\framework\src\Illuminate\Support\Traits\ForwardsCalls.php:23
#15 \vendor\laravel\framework\src\Illuminate\Support\Traits\ForwardsCalls.php:52
#17 \app\Models\Cattle.php:63
#23 \app\Http\Controllers\Admin\BookingController.php:482
#24 \vendor\laravel\framework\src\Illuminate\Routing\Controller.php:54
#25 \vendor\laravel\framework\src\Illuminate\Routing\ControllerDispatcher.php:43
#26 \vendor\laravel\framework\src\Illuminate\Routing\Route.php:259
#27 \vendor\laravel\framework\src\Illuminate\Routing\Route.php:205
#28 \vendor\laravel\framework\src\Illuminate\Routing\Router.php:806
#29 \vendor\laravel\framework\src\Illuminate\Pipeline\Pipeline.php:144
#30 \app\Http\Middleware\RedirectIfNotAdmin.php:22
#31 \vendor\laravel\framework\src\Illuminate\Pipeline\Pipeline.php:183
#32 \vendor\barryvdh\laravel-debugbar\src\Middleware\InjectDebugbar.php:66
#33 \vendor\laravel\framework\src\Illuminate\Pipeline\Pipeline.php:183
#34 \app\Http\Middleware\LanguageMiddleware.php:22
#35 \vendor\laravel\framework\src\Illuminate\Pipeline\Pipeline.php:183
#36 \vendor\laravel\framework\src\Illuminate\Routing\Middleware\SubstituteBindings.php:50
#37 \vendor\laravel\framework\src\Illuminate\Pipeline\Pipeline.php:183
#38 \vendor\laravel\framework\src\Illuminate\Foundation\Http\Middleware\VerifyCsrfToken.php:78
#39 \vendor\laravel\framework\src\Illuminate\Pipeline\Pipeline.php:183
#40 \vendor\laravel\framework\src\Illuminate\View\Middleware\ShareErrorsFromSession.php:49
#41 \vendor\laravel\framework\src\Illuminate\Pipeline\Pipeline.php:183
#42 \vendor\laravel\framework\src\Illuminate\Session\Middleware\StartSession.php:121
#43 \vendor\laravel\framework\src\Illuminate\Session\Middleware\StartSession.php:64
#44 \vendor\laravel\framework\src\Illuminate\Pipeline\Pipeline.php:183
#45 \vendor\laravel\framework\src\Illuminate\Cookie\Middleware\AddQueuedCookiesToResponse.php:37
#46 \vendor\laravel\framework\src\Illuminate\Pipeline\Pipeline.php:183
#47 \vendor\laravel\framework\src\Illuminate\Cookie\Middleware\EncryptCookies.php:67
#48 \vendor\laravel\framework\src\Illuminate\Pipeline\Pipeline.php:183
#49 \vendor\laravel\framework\src\Illuminate\Pipeline\Pipeline.php:119
  
[2026-02-05 22:52:42] local.INFO: Detected N+1 Query  
[2026-02-05 22:52:42] local.INFO: Model: App\Models\Cattle
Relation: App\Models\CattleExpense
Num-Called: 2
Call-Stack:
#14 \vendor\laravel\framework\src\Illuminate\Support\Traits\ForwardsCalls.php:23
#15 \vendor\laravel\framework\src\Illuminate\Support\Traits\ForwardsCalls.php:52
#17 \app\Models\Cattle.php:63
#23 \app\Http\Controllers\Admin\BookingController.php:482
#24 \vendor\laravel\framework\src\Illuminate\Routing\Controller.php:54
#25 \vendor\laravel\framework\src\Illuminate\Routing\ControllerDispatcher.php:43
#26 \vendor\laravel\framework\src\Illuminate\Routing\Route.php:259
#27 \vendor\laravel\framework\src\Illuminate\Routing\Route.php:205
#28 \vendor\laravel\framework\src\Illuminate\Routing\Router.php:806
#29 \vendor\laravel\framework\src\Illuminate\Pipeline\Pipeline.php:144
#30 \app\Http\Middleware\RedirectIfNotAdmin.php:22
#31 \vendor\laravel\framework\src\Illuminate\Pipeline\Pipeline.php:183
#32 \vendor\barryvdh\laravel-debugbar\src\Middleware\InjectDebugbar.php:66
#33 \vendor\laravel\framework\src\Illuminate\Pipeline\Pipeline.php:183
#34 \app\Http\Middleware\LanguageMiddleware.php:22
#35 \vendor\laravel\framework\src\Illuminate\Pipeline\Pipeline.php:183
#36 \vendor\laravel\framework\src\Illuminate\Routing\Middleware\SubstituteBindings.php:50
#37 \vendor\laravel\framework\src\Illuminate\Pipeline\Pipeline.php:183
#38 \vendor\laravel\framework\src\Illuminate\Foundation\Http\Middleware\VerifyCsrfToken.php:78
#39 \vendor\laravel\framework\src\Illuminate\Pipeline\Pipeline.php:183
#40 \vendor\laravel\framework\src\Illuminate\View\Middleware\ShareErrorsFromSession.php:49
#41 \vendor\laravel\framework\src\Illuminate\Pipeline\Pipeline.php:183
#42 \vendor\laravel\framework\src\Illuminate\Session\Middleware\StartSession.php:121
#43 \vendor\laravel\framework\src\Illuminate\Session\Middleware\StartSession.php:64
#44 \vendor\laravel\framework\src\Illuminate\Pipeline\Pipeline.php:183
#45 \vendor\laravel\framework\src\Illuminate\Cookie\Middleware\AddQueuedCookiesToResponse.php:37
#46 \vendor\laravel\framework\src\Illuminate\Pipeline\Pipeline.php:183
#47 \vendor\laravel\framework\src\Illuminate\Cookie\Middleware\EncryptCookies.php:67
#48 \vendor\laravel\framework\src\Illuminate\Pipeline\Pipeline.php:183
#49 \vendor\laravel\framework\src\Illuminate\Pipeline\Pipeline.php:119
  
